[19-May-2014 05:57:42 UTC] PHP Notice:  Use of undefined constant DAGGER_PATH_ROOT - assumed 'DAGGER_PATH_ROOT' in /var/www/diaoyu/libs/DaggerSysInitConfig.php on line 19
[19-May-2014 05:57:42 UTC] PHP Notice:  Use of undefined constant DAGGER_PATH_ROOT - assumed 'DAGGER_PATH_ROOT' in /var/www/diaoyu/libs/DaggerSysInitConfig.php on line 20
[19-May-2014 05:57:42 UTC] PHP Notice:  Use of undefined constant DAGGER_PATH_ROOT - assumed 'DAGGER_PATH_ROOT' in /var/www/diaoyu/libs/DaggerSysInitConfig.php on line 21
[19-May-2014 05:57:42 UTC] PHP Notice:  Use of undefined constant DAGGER_PATH_ROOT - assumed 'DAGGER_PATH_ROOT' in /var/www/diaoyu/libs/DaggerSysInitConfig.php on line 22
[19-May-2014 05:57:42 UTC] PHP Notice:  Undefined variable: out in /var/www/diaoyu/install/db/finally.php on line 29
[19-May-2014 05:57:42 UTC] PHP Notice:  Undefined index: empty in /var/www/diaoyu/install/db/finally.php on line 34
[19-May-2014 05:57:42 UTC] PHP Notice:  Undefined index: primary in /var/www/diaoyu/install/db/finally.php on line 43
[19-May-2014 05:57:42 UTC] PHP Notice:  Undefined offset: 1 in /var/www/diaoyu/install/db/finally.php on line 34
[19-May-2014 05:57:42 UTC] PHP Notice:  Undefined index: primary in /var/www/diaoyu/install/db/finally.php on line 43
[19-May-2014 05:57:42 UTC] PHP Notice:  Undefined offset: 2 in /var/www/diaoyu/install/db/finally.php on line 34
[19-May-2014 05:57:42 UTC] PHP Notice:  Undefined offset: 1 in /var/www/diaoyu/install/db/finally.php on line 39
[19-May-2014 05:57:42 UTC] PHP Notice:  Undefined offset: 2 in /var/www/diaoyu/install/db/finally.php on line 40
[19-May-2014 05:57:42 UTC] PHP Notice:  Undefined index: primary in /var/www/diaoyu/install/db/finally.php on line 43
[19-May-2014 05:57:42 UTC] PHP Notice:  Undefined offset: 3 in /var/www/diaoyu/install/db/finally.php on line 34
[19-May-2014 05:57:42 UTC] PHP Notice:  Undefined offset: 1 in /var/www/diaoyu/install/db/finally.php on line 39
[19-May-2014 05:57:42 UTC] PHP Notice:  Undefined offset: 2 in /var/www/diaoyu/install/db/finally.php on line 40
[19-May-2014 05:57:42 UTC] PHP Notice:  Undefined index: primary in /var/www/diaoyu/install/db/finally.php on line 43
[19-May-2014 05:57:42 UTC] PHP Notice:  Undefined offset: 4 in /var/www/diaoyu/install/db/finally.php on line 34
[19-May-2014 05:57:42 UTC] PHP Notice:  Undefined index: primary in /var/www/diaoyu/install/db/finally.php on line 43
[19-May-2014 05:57:42 UTC] PHP Notice:  Undefined offset: 5 in /var/www/diaoyu/install/db/finally.php on line 34
[19-May-2014 05:57:42 UTC] PHP Notice:  Undefined index: primary in /var/www/diaoyu/install/db/finally.php on line 43
[19-May-2014 05:57:42 UTC] PHP Notice:  Undefined offset: 6 in /var/www/diaoyu/install/db/finally.php on line 34
[19-May-2014 05:57:42 UTC] PHP Notice:  Undefined index: primary in /var/www/diaoyu/install/db/finally.php on line 43
[19-May-2014 05:57:42 UTC] PHP Notice:  Undefined offset: 7 in /var/www/diaoyu/install/db/finally.php on line 34
[19-May-2014 05:57:42 UTC] PHP Notice:  Undefined index: primary in /var/www/diaoyu/install/db/finally.php on line 43
[19-May-2014 05:57:42 UTC] PHP Notice:  Undefined offset: 8 in /var/www/diaoyu/install/db/finally.php on line 34
[19-May-2014 05:57:42 UTC] PHP Notice:  Undefined index: primary in /var/www/diaoyu/install/db/finally.php on line 43
[19-May-2014 05:57:42 UTC] PHP Notice:  Undefined offset: 9 in /var/www/diaoyu/install/db/finally.php on line 34
[19-May-2014 05:57:42 UTC] PHP Notice:  Undefined index: primary in /var/www/diaoyu/install/db/finally.php on line 43
[19-May-2014 05:57:42 UTC] PHP Notice:  Undefined offset: 10 in /var/www/diaoyu/install/db/finally.php on line 34
[19-May-2014 05:57:42 UTC] PHP Notice:  Undefined index: primary in /var/www/diaoyu/install/db/finally.php on line 43
[19-May-2014 05:57:42 UTC] PHP Notice:  Undefined offset: 11 in /var/www/diaoyu/install/db/finally.php on line 34
[19-May-2014 05:57:42 UTC] PHP Notice:  Undefined index: primary in /var/www/diaoyu/install/db/finally.php on line 43
[19-May-2014 05:57:42 UTC] PHP Notice:  Undefined offset: 12 in /var/www/diaoyu/install/db/finally.php on line 34
[19-May-2014 05:57:42 UTC] PHP Notice:  Undefined index: primary in /var/www/diaoyu/install/db/finally.php on line 43
[19-May-2014 05:57:42 UTC] PHP Notice:  Undefined offset: 13 in /var/www/diaoyu/install/db/finally.php on line 34
[19-May-2014 05:57:42 UTC] PHP Notice:  Undefined index: primary in /var/www/diaoyu/install/db/finally.php on line 43
[19-May-2014 05:57:42 UTC] PHP Notice:  Undefined offset: 14 in /var/www/diaoyu/install/db/finally.php on line 34
[19-May-2014 05:57:42 UTC] PHP Notice:  Undefined index: primary in /var/www/diaoyu/install/db/finally.php on line 43
[19-May-2014 05:57:42 UTC] PHP Notice:  Undefined offset: 15 in /var/www/diaoyu/install/db/finally.php on line 34
[19-May-2014 05:57:42 UTC] PHP Notice:  Undefined index: primary in /var/www/diaoyu/install/db/finally.php on line 43
[19-May-2014 05:57:42 UTC] PHP Notice:  Undefined offset: 16 in /var/www/diaoyu/install/db/finally.php on line 34
[19-May-2014 05:57:42 UTC] PHP Notice:  Undefined index: primary in /var/www/diaoyu/install/db/finally.php on line 43
[19-May-2014 05:57:42 UTC] PHP Notice:  Undefined offset: 17 in /var/www/diaoyu/install/db/finally.php on line 34
[19-May-2014 05:57:42 UTC] PHP Notice:  Undefined index: primary in /var/www/diaoyu/install/db/finally.php on line 43
[19-May-2014 05:57:42 UTC] PHP Notice:  Undefined offset: 18 in /var/www/diaoyu/install/db/finally.php on line 34
[19-May-2014 05:57:42 UTC] PHP Notice:  Undefined index: primary in /var/www/diaoyu/install/db/finally.php on line 43
[19-May-2014 05:57:42 UTC] PHP Notice:  Undefined offset: 19 in /var/www/diaoyu/install/db/finally.php on line 34
[19-May-2014 05:57:42 UTC] PHP Notice:  Undefined index: primary in /var/www/diaoyu/install/db/finally.php on line 43
[19-May-2014 05:57:42 UTC] PHP Notice:  Undefined offset: 20 in /var/www/diaoyu/install/db/finally.php on line 34
[19-May-2014 05:57:42 UTC] PHP Notice:  Undefined index: primary in /var/www/diaoyu/install/db/finally.php on line 43
[19-May-2014 05:57:42 UTC] PHP Notice:  Undefined offset: 21 in /var/www/diaoyu/install/db/finally.php on line 34
[19-May-2014 05:57:42 UTC] PHP Notice:  Undefined index: primary in /var/www/diaoyu/install/db/finally.php on line 43
[19-May-2014 05:57:42 UTC] PHP Notice:  Undefined offset: 22 in /var/www/diaoyu/install/db/finally.php on line 34
[19-May-2014 05:57:42 UTC] PHP Notice:  Undefined offset: 1 in /var/www/diaoyu/install/db/finally.php on line 39
[19-May-2014 05:57:42 UTC] PHP Notice:  Undefined offset: 2 in /var/www/diaoyu/install/db/finally.php on line 40
[19-May-2014 05:57:42 UTC] PHP Notice:  Undefined index: primary in /var/www/diaoyu/install/db/finally.php on line 43
[19-May-2014 05:57:42 UTC] PHP Notice:  Undefined offset: 23 in /var/www/diaoyu/install/db/finally.php on line 34
[19-May-2014 05:57:42 UTC] PHP Notice:  Undefined offset: 1 in /var/www/diaoyu/install/db/finally.php on line 39
[19-May-2014 05:57:42 UTC] PHP Notice:  Undefined offset: 2 in /var/www/diaoyu/install/db/finally.php on line 40
[19-May-2014 05:57:42 UTC] PHP Notice:  Undefined index: primary in /var/www/diaoyu/install/db/finally.php on line 43
[19-May-2014 05:57:42 UTC] PHP Notice:  Undefined offset: 24 in /var/www/diaoyu/install/db/finally.php on line 34
[19-May-2014 05:57:42 UTC] PHP Notice:  Undefined offset: 1 in /var/www/diaoyu/install/db/finally.php on line 39
[19-May-2014 05:57:42 UTC] PHP Notice:  Undefined offset: 2 in /var/www/diaoyu/install/db/finally.php on line 40
[19-May-2014 05:57:42 UTC] PHP Notice:  Undefined index: primary in /var/www/diaoyu/install/db/finally.php on line 43
[19-May-2014 05:57:42 UTC] PHP Notice:  Undefined offset: 25 in /var/www/diaoyu/install/db/finally.php on line 34
[19-May-2014 05:57:42 UTC] PHP Notice:  Undefined offset: 1 in /var/www/diaoyu/install/db/finally.php on line 39
[19-May-2014 05:57:42 UTC] PHP Notice:  Undefined offset: 2 in /var/www/diaoyu/install/db/finally.php on line 40
[19-May-2014 05:57:42 UTC] PHP Notice:  Undefined index: primary in /var/www/diaoyu/install/db/finally.php on line 43
[19-May-2014 05:57:42 UTC] PHP Notice:  Undefined offset: 26 in /var/www/diaoyu/install/db/finally.php on line 34
[19-May-2014 05:57:42 UTC] PHP Notice:  Undefined offset: 1 in /var/www/diaoyu/install/db/finally.php on line 39
[19-May-2014 05:57:42 UTC] PHP Notice:  Undefined offset: 2 in /var/www/diaoyu/install/db/finally.php on line 40
[19-May-2014 05:57:42 UTC] PHP Notice:  Undefined index: primary in /var/www/diaoyu/install/db/finally.php on line 43
[19-May-2014 05:57:42 UTC] PHP Notice:  Undefined offset: 27 in /var/www/diaoyu/install/db/finally.php on line 34
[19-May-2014 05:57:42 UTC] PHP Notice:  Undefined offset: 1 in /var/www/diaoyu/install/db/finally.php on line 39
[19-May-2014 05:57:42 UTC] PHP Notice:  Undefined offset: 2 in /var/www/diaoyu/install/db/finally.php on line 40
[19-May-2014 05:57:42 UTC] PHP Notice:  Undefined index: primary in /var/www/diaoyu/install/db/finally.php on line 43
[19-May-2014 05:57:42 UTC] PHP Notice:  Undefined offset: 28 in /var/www/diaoyu/install/db/finally.php on line 34
[19-May-2014 05:57:42 UTC] PHP Notice:  Undefined offset: 1 in /var/www/diaoyu/install/db/finally.php on line 39
[19-May-2014 05:57:42 UTC] PHP Notice:  Undefined offset: 2 in /var/www/diaoyu/install/db/finally.php on line 40
[19-May-2014 05:57:42 UTC] PHP Notice:  Undefined index: primary in /var/www/diaoyu/install/db/finally.php on line 43
[19-May-2014 05:57:42 UTC] PHP Notice:  Undefined offset: 29 in /var/www/diaoyu/install/db/finally.php on line 34
[19-May-2014 05:57:42 UTC] PHP Notice:  Undefined offset: 1 in /var/www/diaoyu/install/db/finally.php on line 39
[19-May-2014 05:57:42 UTC] PHP Notice:  Undefined offset: 2 in /var/www/diaoyu/install/db/finally.php on line 40
[19-May-2014 05:57:42 UTC] PHP Notice:  Undefined index: primary in /var/www/diaoyu/install/db/finally.php on line 43
[19-May-2014 05:57:42 UTC] PHP Notice:  Undefined offset: 30 in /var/www/diaoyu/install/db/finally.php on line 34
[19-May-2014 05:57:42 UTC] PHP Notice:  Undefined offset: 1 in /var/www/diaoyu/install/db/finally.php on line 39
[19-May-2014 05:57:42 UTC] PHP Notice:  Undefined offset: 2 in /var/www/diaoyu/install/db/finally.php on line 40
[19-May-2014 05:57:42 UTC] PHP Notice:  Undefined index: primary in /var/www/diaoyu/install/db/finally.php on line 43
[19-May-2014 05:57:42 UTC] PHP Notice:  Undefined offset: 31 in /var/www/diaoyu/install/db/finally.php on line 34
[19-May-2014 05:57:42 UTC] PHP Notice:  Undefined offset: 1 in /var/www/diaoyu/install/db/finally.php on line 39
[19-May-2014 05:57:42 UTC] PHP Notice:  Undefined offset: 2 in /var/www/diaoyu/install/db/finally.php on line 40
[19-May-2014 05:57:42 UTC] PHP Notice:  Undefined index: primary in /var/www/diaoyu/install/db/finally.php on line 43
[19-May-2014 05:57:42 UTC] PHP Notice:  Undefined offset: 32 in /var/www/diaoyu/install/db/finally.php on line 34
[19-May-2014 05:57:42 UTC] PHP Notice:  Undefined index: primary in /var/www/diaoyu/install/db/finally.php on line 43
